<?xml version="1.0" encoding="UTF-8"?>
<testsuite name="ParkingLotSystemTest" tests="1" skipped="0" failures="0" errors="0" timestamp="2020-04-04T02:27:08" hostname="LAPTOP-N41Q4R44" time="0.01">
  <properties/>
  <testcase name="givenParkingLot_PoliceWantToKnow_LocationOfAllWhiteCars" classname="ParkingLotSystemTest" time="0.01"/>
  <system-out><![CDATA[]]></system-out>
  <system-err><![CDATA[]]></system-err>
</testsuite>
