<?xml version="1.0" encoding="UTF-8"?>
<testsuite name="ParkingLotSystemTest" tests="1" skipped="0" failures="0" errors="0" timestamp="2020-04-05T19:48:40" hostname="LAPTOP-N41Q4R44" time="8.773">
  <properties/>
  <testcase name="givenParkingLot_IsEmptyThrowException" classname="ParkingLotSystemTest" time="8.773"/>
  <system-out><![CDATA[]]></system-out>
  <system-err><![CDATA[]]></system-err>
</testsuite>
