<?xml version="1.0" encoding="UTF-8"?>
<testsuite name="TestParkingLotSystem" tests="4" skipped="0" failures="0" errors="0" timestamp="2020-04-01T21:43:16" hostname="LAPTOP-N41Q4R44" time="0.217">
  <properties/>
  <testcase name="when_Called_ParkFunction_ShouldParkTheVehicle" classname="TestParkingLotSystem" time="0.204"/>
  <testcase name="when_Called_UnParkFunction_ShouldParkTheVehicle" classname="TestParkingLotSystem" time="0.003"/>
  <testcase name="when_Called_ParkFunction_ShouldParkLargeVehicle" classname="TestParkingLotSystem" time="0.004"/>
  <testcase name="when_Called_FindVehicleFunction_ShouldParkTheVehicle" classname="TestParkingLotSystem" time="0.004"/>
  <system-out><![CDATA[[MockitoHint] TestParkingLotSystem.when_Called_ParkFunction_ShouldParkTheVehicle (see javadoc for MockitoHint):
[MockitoHint] 1. Unused -> at TestParkingLotSystem.when_Called_ParkFunction_ShouldParkTheVehicle(TestParkingLotSystem.java:36)

[MockitoHint] TestParkingLotSystem.when_Called_UnParkFunction_ShouldParkTheVehicle (see javadoc for MockitoHint):
[MockitoHint] 1. Unused -> at TestParkingLotSystem.when_Called_UnParkFunction_ShouldParkTheVehicle(TestParkingLotSystem.java:46)

[MockitoHint] TestParkingLotSystem.when_Called_ParkFunction_ShouldParkLargeVehicle (see javadoc for MockitoHint):
[MockitoHint] 1. Unused -> at TestParkingLotSystem.when_Called_ParkFunction_ShouldParkLargeVehicle(TestParkingLotSystem.java:70)

[MockitoHint] TestParkingLotSystem.when_Called_FindVehicleFunction_ShouldParkTheVehicle (see javadoc for MockitoHint):
[MockitoHint] 1. Unused -> at TestParkingLotSystem.when_Called_FindVehicleFunction_ShouldParkTheVehicle(TestParkingLotSystem.java:57)

]]></system-out>
  <system-err><![CDATA[]]></system-err>
</testsuite>
