<?xml version="1.0" encoding="UTF-8"?>
<testsuite name="ParkingLotSystemTest" tests="20" skipped="0" failures="0" errors="0" timestamp="2020-04-05T02:30:02" hostname="LAPTOP-N41Q4R44" time="0.113">
  <properties/>
  <testcase name="givenParkingLot_Have2ParkingSIze_ShouldPark2_Vehicle" classname="ParkingLotSystemTest" time="0.034"/>
  <testcase name="givenParkingLot_PoliceWantToKnow_AllBMW_Cars" classname="ParkingLotSystemTest" time="0.004"/>
  <testcase name="givenMultipleCarParkingLots_WhenAdded_ShouldReturnTrue" classname="ParkingLotSystemTest" time="0.0"/>
  <testcase name="givenParkingLot_DriverIsHandicap_ShouldParkTheCarNearestSlot" classname="ParkingLotSystemTest" time="0.0"/>
  <testcase name="givenParkingLot_PoliceWantToKnow_Location_NumberPlate_Of_BlueTOYOTA_Car" classname="ParkingLotSystemTest" time="0.003"/>
  <testcase name="giveParkingLot_AfterFulledSign_WheneverParkingLotIs_Available_ItShouldReturnTrue" classname="ParkingLotSystemTest" time="0.0"/>
  <testcase name="givenParkingLot_DriverFindHisCar_shouldReturnTrue" classname="ParkingLotSystemTest" time="0.0"/>
  <testcase name="givenParkingLot_VehicleNotFound_ShouldReturnFalse" classname="ParkingLotSystemTest" time="0.003"/>
  <testcase name="givenParkingLot_WantToKnow_AllCars_WhichParked_InLast30Minutes" classname="ParkingLotSystemTest" time="0.002"/>
  <testcase name="givenParkingLot_WhenVehicleParked_ShouldReturnTrue" classname="ParkingLotSystemTest" time="0.0"/>
  <testcase name="givenParkingLot_OwnerHaveParkingAttendant_ThatCan_ParkCar" classname="ParkingLotSystemTest" time="0.0"/>
  <testcase name="givenParkingLot_ParkingOwnerWantToKnow_WhenCarIsPark" classname="ParkingLotSystemTest" time="0.051"/>
  <testcase name="givenParkingLot_Full_ShouldInformSecurity" classname="ParkingLotSystemTest" time="0.0"/>
  <testcase name="givenParkingLot_IsWhenFulled_ShouldReturnInformOwner" classname="ParkingLotSystemTest" time="0.001"/>
  <testcase name="givenParkingLot_PoliceWantToKnow_LocationOfAllWhiteCars_ThrowException" classname="ParkingLotSystemTest" time="0.001"/>
  <testcase name="givenParkingLot_IfVehicleIsUnParked_ShouldReturnTrue" classname="ParkingLotSystemTest" time="0.001"/>
  <testcase name="givenParkingLot_PoliceWantToKnow_LocationOfAllWhiteCars" classname="ParkingLotSystemTest" time="0.001"/>
  <testcase name="givenParkingLot_WhenVehicleAlreadyParked_shouldReturnFalse" classname="ParkingLotSystemTest" time="0.001"/>
  <testcase name="givenMultipleCarsLessThanActualCapacity_WhenParkEvenly_shouldReturnLastEmptySpace" classname="ParkingLotSystemTest" time="0.001"/>
  <testcase name="givenParkingLot_LargeCarsParkIn_HighestSpaceParkingLot_ShouldReturnTrue" classname="ParkingLotSystemTest" time="0.001"/>
  <system-out><![CDATA[Location of Blue cars [MH05DX0110, MH46OO0007]
vehicles data [MH06AX0987]
Location of Blue cars [MH06AX0987]
Total Cars that parked last 30min [MH07AS1234, DL33UP9999, MH12XO0786, OD01MU0619, MH05BX8899]
Sun Apr 05 08:00:02 IST 2020 time Sun Apr 05 08:00:02 IST 2020
Location of white cars [6, 7]
]]></system-out>
  <system-err><![CDATA[]]></system-err>
</testsuite>
