<?xml version="1.0" encoding="UTF-8"?>
<testsuite name="ParkingLotSystemTest" tests="14" skipped="0" failures="0" errors="0" timestamp="2020-04-01T00:01:05" hostname="LAPTOP-N41Q4R44" time="0.559">
  <properties/>
  <testcase name="givenParkingLot_Have2ParkingSIze_ShouldPark2_Vehicle" classname="ParkingLotSystemTest" time="0.308"/>
  <testcase name="givenMultipleCarParkingLots_WhenAdded_ShouldReturnTrue" classname="ParkingLotSystemTest" time="0.0"/>
  <testcase name="givenParkingLot_DriverIsHandicap_ShouldParkTheCarNearestSlot" classname="ParkingLotSystemTest" time="0.017"/>
  <testcase name="giveParkingLot_AfterFulledSign_WheneverParkingLotIs_Available_ItShouldReturnTrue" classname="ParkingLotSystemTest" time="0.001"/>
  <testcase name="givenParkingLot_DriverFindHisCar_shouldReturnTrue" classname="ParkingLotSystemTest" time="0.0"/>
  <testcase name="givenParkingLot_VehicleNotFound_ShouldReturnFalse" classname="ParkingLotSystemTest" time="0.001"/>
  <testcase name="givenParkingLot_WhenVehicleParked_ShouldReturnTrue" classname="ParkingLotSystemTest" time="0.001"/>
  <testcase name="givenParkingLot_OwnerHaveParkingAttendant_ThatCan_ParkCar" classname="ParkingLotSystemTest" time="0.0"/>
  <testcase name="givenParkingLot_ParkingOwnerWantToKnow_WhenCarIsPark" classname="ParkingLotSystemTest" time="0.227"/>
  <testcase name="givenParkingLot_Full_ShouldInformSecurity" classname="ParkingLotSystemTest" time="0.001"/>
  <testcase name="givenParkingLot_IsWhenFulled_ShouldReturnInformOwner" classname="ParkingLotSystemTest" time="0.0"/>
  <testcase name="givenParkingLot_IfVehicleIsUnParked_ShouldReturnTrue" classname="ParkingLotSystemTest" time="0.0"/>
  <testcase name="givenParkingLot_WhenVehicleAlreadyParked_shouldReturnFalse" classname="ParkingLotSystemTest" time="0.0"/>
  <testcase name="givenMultipleCarsLessThanActualCapacity_WhenParkEvenly_shouldReturnLastEmptySpace" classname="ParkingLotSystemTest" time="0.0"/>
  <system-out><![CDATA[Wed Apr 01 05:31:05 IST 2020 time Wed Apr 01 05:31:05 IST 2020
]]></system-out>
  <system-err><![CDATA[]]></system-err>
</testsuite>
