<?xml version="1.0" encoding="UTF-8"?>
<testsuite name="ParkingLotTest" tests="3" skipped="0" failures="0" errors="0" timestamp="2020-03-21T23:22:47" hostname="LAPTOP-N41Q4R44" time="0.002">
  <properties/>
  <testcase name="givenParkingLot_WhenVehicleParked_ShouldReturnTrue" classname="ParkingLotTest" time="0.001"/>
  <testcase name="givenParkingLot_IfVehicleIsUnParked_ShouldReturnTrue" classname="ParkingLotTest" time="0.0"/>
  <testcase name="givenParkingLot_WhenVehicleAlreadyParked_shouldReturnFalse" classname="ParkingLotTest" time="0.0"/>
  <system-out><![CDATA[]]></system-out>
  <system-err><![CDATA[]]></system-err>
</testsuite>
