<?xml version="1.0" encoding="UTF-8"?>
<testsuite name="ParkingLotSystemTest" tests="1" skipped="0" failures="0" errors="0" timestamp="2020-04-01T02:57:19" hostname="LAPTOP-N41Q4R44" time="18.774">
  <properties/>
  <testcase name="givenMultipleCarParkingLots_WhenAdded_ShouldReturnTrue" classname="ParkingLotSystemTest" time="18.774"/>
  <system-out><![CDATA[]]></system-out>
  <system-err><![CDATA[]]></system-err>
</testsuite>
